[0809/003100.464:ERROR:process_reader_win.cc(123)] NtOpenThread: {Acesso Negado} Um processo solicitou acesso a um objeto, mas o direito de acesso não lhe foi concedido. (0xc0000022)
[0809/003100.465:ERROR:exception_snapshot_win.cc(98)] thread ID 7596 not found in process
[0809/003732.901:ERROR:process_reader_win.cc(123)] NtOpenThread: {Acesso Negado} Um processo solicitou acesso a um objeto, mas o direito de acesso não lhe foi concedido. (0xc0000022)
[0809/003732.902:ERROR:exception_snapshot_win.cc(98)] thread ID 13348 not found in process
[0809/003901.327:ERROR:process_reader_win.cc(123)] NtOpenThread: {Acesso Negado} Um processo solicitou acesso a um objeto, mas o direito de acesso não lhe foi concedido. (0xc0000022)
[0809/003901.328:ERROR:exception_snapshot_win.cc(98)] thread ID 27184 not found in process
[0809/004024.449:ERROR:process_reader_win.cc(123)] NtOpenThread: {Acesso Negado} Um processo solicitou acesso a um objeto, mas o direito de acesso não lhe foi concedido. (0xc0000022)
[0809/004024.450:ERROR:exception_snapshot_win.cc(98)] thread ID 25376 not found in process
[0809/004045.188:ERROR:process_reader_win.cc(123)] NtOpenThread: {Acesso Negado} Um processo solicitou acesso a um objeto, mas o direito de acesso não lhe foi concedido. (0xc0000022)
[0809/004045.189:ERROR:exception_snapshot_win.cc(98)] thread ID 3660 not found in process
[0809/004850.850:ERROR:process_reader_win.cc(123)] NtOpenThread: {Acesso Negado} Um processo solicitou acesso a um objeto, mas o direito de acesso não lhe foi concedido. (0xc0000022)
[0809/004850.851:ERROR:exception_snapshot_win.cc(98)] thread ID 3220 not found in process
[0809/004901.968:ERROR:process_reader_win.cc(123)] NtOpenThread: {Acesso Negado} Um processo solicitou acesso a um objeto, mas o direito de acesso não lhe foi concedido. (0xc0000022)
[0809/004901.968:ERROR:exception_snapshot_win.cc(98)] thread ID 4912 not found in process
[0809/005044.304:ERROR:process_reader_win.cc(123)] NtOpenThread: {Acesso Negado} Um processo solicitou acesso a um objeto, mas o direito de acesso não lhe foi concedido. (0xc0000022)
[0809/005044.305:ERROR:exception_snapshot_win.cc(98)] thread ID 7048 not found in process
[0809/005617.366:ERROR:process_reader_win.cc(123)] NtOpenThread: {Acesso Negado} Um processo solicitou acesso a um objeto, mas o direito de acesso não lhe foi concedido. (0xc0000022)
[0809/005617.367:ERROR:exception_snapshot_win.cc(98)] thread ID 27232 not found in process
[0809/005656.666:ERROR:process_reader_win.cc(123)] NtOpenThread: {Acesso Negado} Um processo solicitou acesso a um objeto, mas o direito de acesso não lhe foi concedido. (0xc0000022)
[0809/005656.667:ERROR:exception_snapshot_win.cc(98)] thread ID 19132 not found in process
[0809/005724.532:ERROR:process_reader_win.cc(123)] NtOpenThread: {Acesso Negado} Um processo solicitou acesso a um objeto, mas o direito de acesso não lhe foi concedido. (0xc0000022)
[0809/005724.532:ERROR:exception_snapshot_win.cc(98)] thread ID 4860 not found in process
[0809/010708.427:ERROR:process_reader_win.cc(123)] NtOpenThread: {Acesso Negado} Um processo solicitou acesso a um objeto, mas o direito de acesso não lhe foi concedido. (0xc0000022)
[0809/010708.427:ERROR:exception_snapshot_win.cc(98)] thread ID 2488 not found in process
[0809/010900.107:ERROR:process_reader_win.cc(123)] NtOpenThread: {Acesso Negado} Um processo solicitou acesso a um objeto, mas o direito de acesso não lhe foi concedido. (0xc0000022)
[0809/010900.107:ERROR:exception_snapshot_win.cc(98)] thread ID 22448 not found in process
[0809/011054.137:ERROR:process_reader_win.cc(123)] NtOpenThread: {Acesso Negado} Um processo solicitou acesso a um objeto, mas o direito de acesso não lhe foi concedido. (0xc0000022)
[0809/011054.138:ERROR:exception_snapshot_win.cc(98)] thread ID 27212 not found in process
[0809/011135.820:ERROR:process_reader_win.cc(123)] NtOpenThread: {Acesso Negado} Um processo solicitou acesso a um objeto, mas o direito de acesso não lhe foi concedido. (0xc0000022)
[0809/011135.821:ERROR:exception_snapshot_win.cc(98)] thread ID 21544 not found in process
[0809/011326.956:ERROR:process_reader_win.cc(123)] NtOpenThread: {Acesso Negado} Um processo solicitou acesso a um objeto, mas o direito de acesso não lhe foi concedido. (0xc0000022)
[0809/011326.957:ERROR:exception_snapshot_win.cc(98)] thread ID 27384 not found in process
[0809/011424.319:ERROR:process_reader_win.cc(123)] NtOpenThread: {Acesso Negado} Um processo solicitou acesso a um objeto, mas o direito de acesso não lhe foi concedido. (0xc0000022)
[0809/011424.320:ERROR:exception_snapshot_win.cc(98)] thread ID 24060 not found in process
[0809/011607.458:ERROR:process_reader_win.cc(123)] NtOpenThread: {Acesso Negado} Um processo solicitou acesso a um objeto, mas o direito de acesso não lhe foi concedido. (0xc0000022)
[0809/011607.459:ERROR:exception_snapshot_win.cc(98)] thread ID 948 not found in process
[0809/011635.090:ERROR:process_reader_win.cc(123)] NtOpenThread: {Acesso Negado} Um processo solicitou acesso a um objeto, mas o direito de acesso não lhe foi concedido. (0xc0000022)
[0809/011635.091:ERROR:exception_snapshot_win.cc(98)] thread ID 6988 not found in process
[0809/011710.132:ERROR:process_reader_win.cc(123)] NtOpenThread: {Acesso Negado} Um processo solicitou acesso a um objeto, mas o direito de acesso não lhe foi concedido. (0xc0000022)
[0809/011710.132:ERROR:exception_snapshot_win.cc(98)] thread ID 22836 not found in process
[0809/011836.413:ERROR:process_reader_win.cc(123)] NtOpenThread: {Acesso Negado} Um processo solicitou acesso a um objeto, mas o direito de acesso não lhe foi concedido. (0xc0000022)
[0809/011836.414:ERROR:exception_snapshot_win.cc(98)] thread ID 17828 not found in process
[0809/011905.913:ERROR:process_reader_win.cc(123)] NtOpenThread: {Acesso Negado} Um processo solicitou acesso a um objeto, mas o direito de acesso não lhe foi concedido. (0xc0000022)
[0809/011905.913:ERROR:exception_snapshot_win.cc(98)] thread ID 13952 not found in process
[0809/011933.053:ERROR:process_reader_win.cc(123)] NtOpenThread: {Acesso Negado} Um processo solicitou acesso a um objeto, mas o direito de acesso não lhe foi concedido. (0xc0000022)
[0809/011933.053:ERROR:exception_snapshot_win.cc(98)] thread ID 27212 not found in process
[0809/012032.316:ERROR:process_reader_win.cc(123)] NtOpenThread: {Acesso Negado} Um processo solicitou acesso a um objeto, mas o direito de acesso não lhe foi concedido. (0xc0000022)
[0809/012032.316:ERROR:exception_snapshot_win.cc(98)] thread ID 15552 not found in process
[0809/012331.606:ERROR:process_reader_win.cc(123)] NtOpenThread: {Acesso Negado} Um processo solicitou acesso a um objeto, mas o direito de acesso não lhe foi concedido. (0xc0000022)
[0809/012331.607:ERROR:exception_snapshot_win.cc(98)] thread ID 21448 not found in process
[0809/012408.507:ERROR:process_reader_win.cc(123)] NtOpenThread: {Acesso Negado} Um processo solicitou acesso a um objeto, mas o direito de acesso não lhe foi concedido. (0xc0000022)
[0809/012408.508:ERROR:exception_snapshot_win.cc(98)] thread ID 21032 not found in process
[0809/012443.207:ERROR:process_reader_win.cc(123)] NtOpenThread: {Acesso Negado} Um processo solicitou acesso a um objeto, mas o direito de acesso não lhe foi concedido. (0xc0000022)
[0809/012443.208:ERROR:exception_snapshot_win.cc(98)] thread ID 5480 not found in process
[0809/012528.007:ERROR:process_reader_win.cc(123)] NtOpenThread: {Acesso Negado} Um processo solicitou acesso a um objeto, mas o direito de acesso não lhe foi concedido. (0xc0000022)
[0809/012528.008:ERROR:exception_snapshot_win.cc(98)] thread ID 22448 not found in process
[0809/012732.085:ERROR:process_reader_win.cc(123)] NtOpenThread: {Acesso Negado} Um processo solicitou acesso a um objeto, mas o direito de acesso não lhe foi concedido. (0xc0000022)
[0809/012732.086:ERROR:exception_snapshot_win.cc(98)] thread ID 27252 not found in process
[0809/012824.945:ERROR:process_reader_win.cc(123)] NtOpenThread: {Acesso Negado} Um processo solicitou acesso a um objeto, mas o direito de acesso não lhe foi concedido. (0xc0000022)
[0809/012824.946:ERROR:exception_snapshot_win.cc(98)] thread ID 27044 not found in process
[0809/013141.150:ERROR:process_reader_win.cc(123)] NtOpenThread: {Acesso Negado} Um processo solicitou acesso a um objeto, mas o direito de acesso não lhe foi concedido. (0xc0000022)
[0809/013141.151:ERROR:exception_snapshot_win.cc(98)] thread ID 24404 not found in process
[0809/013235.017:ERROR:process_reader_win.cc(123)] NtOpenThread: {Acesso Negado} Um processo solicitou acesso a um objeto, mas o direito de acesso não lhe foi concedido. (0xc0000022)
[0809/013235.018:ERROR:exception_snapshot_win.cc(98)] thread ID 26548 not found in process
[0809/022903.272:ERROR:process_reader_win.cc(123)] NtOpenThread: {Acesso Negado} Um processo solicitou acesso a um objeto, mas o direito de acesso não lhe foi concedido. (0xc0000022)
[0809/022903.273:ERROR:exception_snapshot_win.cc(98)] thread ID 27524 not found in process
[0809/022916.712:ERROR:process_reader_win.cc(123)] NtOpenThread: {Acesso Negado} Um processo solicitou acesso a um objeto, mas o direito de acesso não lhe foi concedido. (0xc0000022)
[0809/022916.713:ERROR:exception_snapshot_win.cc(98)] thread ID 15744 not found in process
[0809/022941.278:ERROR:process_reader_win.cc(123)] NtOpenThread: {Acesso Negado} Um processo solicitou acesso a um objeto, mas o direito de acesso não lhe foi concedido. (0xc0000022)
[0809/022941.279:ERROR:exception_snapshot_win.cc(98)] thread ID 9488 not found in process
[0816/230411.060:ERROR:process_reader_win.cc(123)] NtOpenThread: {Acesso Negado} Um processo solicitou acesso a um objeto, mas o direito de acesso não lhe foi concedido. (0xc0000022)
[0816/230411.061:ERROR:exception_snapshot_win.cc(98)] thread ID 15516 not found in process
<<<<<<< HEAD
[1010/112500.544:ERROR:process_reader_win.cc(123)] NtOpenThread: {Acesso Negado} Um processo solicitou acesso a um objeto, mas o direito de acesso não lhe foi concedido. (0xc0000022)
[1010/112500.546:ERROR:exception_snapshot_win.cc(98)] thread ID 37348 not found in process
[1010/112500.553:ERROR:process_reader_win.cc(123)] NtOpenThread: {Acesso Negado} Um processo solicitou acesso a um objeto, mas o direito de acesso não lhe foi concedido. (0xc0000022)
[1010/112500.554:ERROR:exception_snapshot_win.cc(98)] thread ID 28128 not found in process
=======
[1009/181316.726:ERROR:process_reader_win.cc(151)] SuspendThread: Acesso negado. (0x5)
[1009/181316.745:ERROR:process_reader_win.cc(151)] SuspendThread: Acesso negado. (0x5)
[1009/181316.745:ERROR:process_reader_win.cc(151)] SuspendThread: Acesso negado. (0x5)
[1009/181316.746:ERROR:process_reader_win.cc(151)] SuspendThread: Acesso negado. (0x5)
[1009/181316.746:ERROR:process_reader_win.cc(123)] NtOpenThread: {Acesso Negado} Um processo solicitou acesso a um objeto, mas o direito de acesso não lhe foi concedido. (0xc0000022)
[1009/181316.746:ERROR:exception_snapshot_win.cc(98)] thread ID 74148 not found in process
[1028/214125.615:ERROR:process_reader_win.cc(151)] SuspendThread: Acesso negado. (0x5)
[1028/214125.643:ERROR:process_reader_win.cc(151)] SuspendThread: Acesso negado. (0x5)
[1028/214125.643:ERROR:process_reader_win.cc(123)] NtOpenThread: {Acesso Negado} Um processo solicitou acesso a um objeto, mas o direito de acesso não lhe foi concedido. (0xc0000022)
[1028/214125.656:ERROR:exception_snapshot_win.cc(98)] thread ID 7992 not found in process
>>>>>>> b7efb695362caa5e1581781c041fc276edf77755
[1029/234057.895:ERROR:process_reader_win.cc(123)] NtOpenThread: {Acesso Negado} Um processo solicitou acesso a um objeto, mas o direito de acesso não lhe foi concedido. (0xc0000022)
[1029/234057.896:ERROR:exception_snapshot_win.cc(98)] thread ID 33868 not found in process
[1029/234129.117:ERROR:process_reader_win.cc(123)] NtOpenThread: {Acesso Negado} Um processo solicitou acesso a um objeto, mas o direito de acesso não lhe foi concedido. (0xc0000022)
[1029/234129.118:ERROR:exception_snapshot_win.cc(98)] thread ID 26144 not found in process
[1030/002255.432:ERROR:process_reader_win.cc(123)] NtOpenThread: {Acesso Negado} Um processo solicitou acesso a um objeto, mas o direito de acesso não lhe foi concedido. (0xc0000022)
[1030/002255.433:ERROR:exception_snapshot_win.cc(98)] thread ID 7720 not found in process
[1030/002504.161:ERROR:process_reader_win.cc(123)] NtOpenThread: {Acesso Negado} Um processo solicitou acesso a um objeto, mas o direito de acesso não lhe foi concedido. (0xc0000022)
[1030/002504.162:ERROR:exception_snapshot_win.cc(98)] thread ID 5168 not found in process
[1030/002603.562:ERROR:process_reader_win.cc(123)] NtOpenThread: {Acesso Negado} Um processo solicitou acesso a um objeto, mas o direito de acesso não lhe foi concedido. (0xc0000022)
[1030/002603.563:ERROR:exception_snapshot_win.cc(98)] thread ID 14912 not found in process
[1030/004532.579:ERROR:process_reader_win.cc(123)] NtOpenThread: {Acesso Negado} Um processo solicitou acesso a um objeto, mas o direito de acesso não lhe foi concedido. (0xc0000022)
[1030/004532.579:ERROR:exception_snapshot_win.cc(98)] thread ID 14092 not found in process
[1030/004651.605:ERROR:process_reader_win.cc(123)] NtOpenThread: {Acesso Negado} Um processo solicitou acesso a um objeto, mas o direito de acesso não lhe foi concedido. (0xc0000022)
[1030/004651.605:ERROR:exception_snapshot_win.cc(98)] thread ID 25504 not found in process
[1030/004805.892:ERROR:process_reader_win.cc(123)] NtOpenThread: {Acesso Negado} Um processo solicitou acesso a um objeto, mas o direito de acesso não lhe foi concedido. (0xc0000022)
[1030/004805.893:ERROR:exception_snapshot_win.cc(98)] thread ID 34952 not found in process
[1030/004932.775:ERROR:process_reader_win.cc(123)] NtOpenThread: {Acesso Negado} Um processo solicitou acesso a um objeto, mas o direito de acesso não lhe foi concedido. (0xc0000022)
[1030/004932.776:ERROR:exception_snapshot_win.cc(98)] thread ID 13568 not found in process
[1030/005014.335:ERROR:process_reader_win.cc(123)] NtOpenThread: {Acesso Negado} Um processo solicitou acesso a um objeto, mas o direito de acesso não lhe foi concedido. (0xc0000022)
[1030/005014.336:ERROR:exception_snapshot_win.cc(98)] thread ID 21268 not found in process
[1030/005209.538:ERROR:process_reader_win.cc(123)] NtOpenThread: {Acesso Negado} Um processo solicitou acesso a um objeto, mas o direito de acesso não lhe foi concedido. (0xc0000022)
[1030/005209.539:ERROR:exception_snapshot_win.cc(98)] thread ID 4996 not found in process
